10/10/19 14:45: Setting delay=1000
10/10/19 14:45: Setting logging=false
10/10/19 14:45: Setting timeout=5000
10/10/19 14:45: Adding url to queue for scraping: https://novinky.cz
10/10/19 14:45: Adding url to queue for scraping: https://www.csfd.cz/film/11393-prvni-rana/prehled/
10/10/19 14:45: Starting to parse url https://novinky.cz
10/10/19 14:45: Loading page...
10/10/19 14:45: Page loaded...
10/10/19 14:45: Parsing defined value from input file: plot
10/10/19 14:45: New data pair saved: plot - []
10/10/19 14:45: Parsing defined value from input file: rating
10/10/19 14:45: New data pair saved: rating - []
10/10/19 14:45: Parsing defined value from input file: movieName
10/10/19 14:45: New data pair saved: movieName - []
10/10/19 14:45: Starting to parse url https://www.csfd.cz/film/11393-prvni-rana/prehled/
10/10/19 14:45: Loading page...
10/10/19 14:45: Page loaded...
10/10/19 14:45: Parsing defined value from input file: plot
10/10/19 14:45: New data pair saved: plot - []
10/10/19 14:45: Parsing defined value from input file: rating
10/10/19 14:45: New data pair saved: rating - [HtmlHeading2[<h2 class="average">]]
10/10/19 14:45: Parsing defined value from input file: movieName
10/10/19 14:45: New data pair saved: movieName - [HtmlHeading1[<h1 itemprop="name">]]
