10/10/19 15:03: Setting delay=1000
10/10/19 15:03: Setting logging=false
10/10/19 15:03: Setting timeout=5000
10/10/19 15:03: Adding url to queue for scraping: https://www.csfd.cz/film/11393-prvni-rana/prehled/
10/10/19 15:03: Adding url to queue for scraping: https://www.csfd.cz/film/11393-prvni-rana/prehled/
10/10/19 15:03: Starting to parse url https://www.csfd.cz/film/11393-prvni-rana/prehled/
10/10/19 15:03: Loading page...
10/10/19 15:03: Page loaded...
10/10/19 15:03: Parsing defined value from input file: plot
10/10/19 15:03: 
								
10/10/19 15:03: value: 
								
10/10/19 15:03: New data pair saved: plot - []
10/10/19 15:03: Parsing defined value from input file: rating
10/10/19 15:03: 74%
10/10/19 15:03: value: 74%
10/10/19 15:03: New data pair saved: rating - [HtmlHeading2[<h2 class="average">]]
10/10/19 15:03: Parsing defined value from input file: movieName
10/10/19 15:03: 
								První rána
							
						
					
10/10/19 15:03: value: 
								První rána
							
						
					
10/10/19 15:03: New data pair saved: movieName - [HtmlHeading1[<h1 itemprop="name">]]
10/10/19 15:03: Starting to parse url https://www.csfd.cz/film/11393-prvni-rana/prehled/
10/10/19 15:03: Loading page...
10/10/19 15:03: Page loaded...
10/10/19 15:03: Parsing defined value from input file: plot
10/10/19 15:03: 
								
10/10/19 15:03: value: 
								
10/10/19 15:03: New data pair saved: plot - []
10/10/19 15:03: Parsing defined value from input file: rating
10/10/19 15:03: 74%
10/10/19 15:03: value: 74%
10/10/19 15:03: New data pair saved: rating - [HtmlHeading2[<h2 class="average">]]
10/10/19 15:03: Parsing defined value from input file: movieName
10/10/19 15:03: 
								První rána
							
						
					
10/10/19 15:03: value: 
								První rána
							
						
					
10/10/19 15:03: New data pair saved: movieName - [HtmlHeading1[<h1 itemprop="name">]]
