10/10/19 15:07: Setting delay=1000
10/10/19 15:07: Setting logging=false
10/10/19 15:07: Setting timeout=5000
10/10/19 15:07: Adding url to queue for scraping: https://www.csfd.cz/film/11393-prvni-rana/prehled/
10/10/19 15:07: Adding url to queue for scraping: https://www.csfd.cz/film/11393-prvni-rana/prehled/
10/10/19 15:07: Starting to parse url https://www.csfd.cz/film/11393-prvni-rana/prehled/
10/10/19 15:07: Loading page...
10/10/19 15:07: Page loaded...
10/10/19 15:07: Parsing defined value from input file: plot
10/10/19 15:07: New data pair saved: plot - 
10/10/19 15:07: Parsing defined value from input file: rating
10/10/19 15:07: New data pair saved: rating - 74%
10/10/19 15:07: Parsing defined value from input file: movieName
10/10/19 15:07: New data pair saved: movieName - První rána
10/10/19 15:07: Starting to parse url https://www.csfd.cz/film/11393-prvni-rana/prehled/
10/10/19 15:07: Loading page...
10/10/19 15:07: Page loaded...
10/10/19 15:07: Parsing defined value from input file: plot
10/10/19 15:07: New data pair saved: plot - 
10/10/19 15:07: Parsing defined value from input file: rating
10/10/19 15:07: New data pair saved: rating - 74%
10/10/19 15:07: Parsing defined value from input file: movieName
10/10/19 15:07: New data pair saved: movieName - První rána
