16/10/19 07:46: Setting delay=1000
16/10/19 07:46: Setting logging=false
16/10/19 07:46: Setting timeout=5000
16/10/19 07:46: Adding url to queue for scraping: https://www.csfd.cz/film/11393-prvni-rana/prehled/
16/10/19 07:46: Starting to parse url https://www.csfd.cz/film/11393-prvni-rana/prehled/
16/10/19 07:46: Javascript running: true - waiting 3000ms
16/10/19 07:46: Loading page...
16/10/19 07:46: Page loaded...
16/10/19 07:46: Parsing defined value from input file: plot
16/10/19 07:46: Parsin xpath: //*[@id="plots"]/div[2]/ul/li/div[1]/text()
16/10/19 07:46: New data pair saved: plot - 
16/10/19 07:46: New data pair saved: plot - Hongkongský policista Jackie přijme úkol sledovat podezřelou ruskou krásku Natašu na cestě do Ruska. Zpočátku to vypadá jako jednoduchý, dokonce příjemný úkol. Nataša totiž cestou neprovádí nic neobvyklého ani podezřelého. To ovšem platí jen do chvíle, než se setká se svým milencem Tsuiem, který ilegálně obchoduje se zbraněmi. Rázem se ve hře ocitá také ukradená ukrajinská jaderná hlavice a Jackie má najednou plné ruce práce. Poklidné sledování ve službách CIA a ruské tajné služby se mění v životu nebezpečné pronásledování Tsuie, Nataši a celé bandy dalších lotrů. Od zasněžených hor Ukrajiny až po žraloky zamořené vody v Austrálii. Musí se vyhýbat nejen smrtelným nástrahám, kulkám a smrtícím úderům, ale také falešnému obvinění z vraždy.  
 A to všechno pochopitelně tím jediným způsobem, který diváci chtějí vidět. Pěstmi, v jejichž dosahu se všechno mění ve velmi účinnou zbraň - žebřík, košťě, stůl, auto, chůdy a dokonce i žralok!
16/10/19 07:46: New data pair saved: plot - 
16/10/19 07:46: Parsing defined value from input file: rating
16/10/19 07:46: Parsin xpath: //*[@id="rating"]/h2
16/10/19 07:46: New data pair saved: rating - 74%
16/10/19 07:46: Parsing defined value from input file: movieName
16/10/19 07:46: Parsin xpath: //*[@id="profile"]/div[1]/div[2]/div[1]/h1
16/10/19 07:46: New data pair saved: movieName - První rána
